[0.032s] Invoking command in '/home/joe/robot_ws/build/ired_rviz': CMAKE_PREFIX_PATH=${CMAKE_PREFIX_PATH}:/opt/ros/jazzy DEBUGINFOD_URLS=https://debuginfod.ubuntu.com /usr/bin/cmake /home/joe/robot_ws/src/robot/ired_rviz -DAMENT_CMAKE_SYMLINK_INSTALL=1 -DCMAKE_INSTALL_PREFIX=/home/joe/robot_ws/install/ired_rviz
[0.412s] -- The C compiler identification is GNU 13.3.0
[0.639s] -- The CXX compiler identification is GNU 13.3.0
[0.669s] -- Detecting C compiler ABI info
[0.793s] -- Detecting C compiler ABI info - done
[0.805s] -- Check for working C compiler: /usr/bin/cc - skipped
[0.805s] -- Detecting C compile features
[0.805s] -- Detecting C compile features - done
[0.814s] -- Detecting CXX compiler ABI info
[0.914s] -- Detecting CXX compiler ABI info - done
[0.923s] -- Check for working CXX compiler: /usr/bin/c++ - skipped
[0.923s] -- Detecting CXX compile features
[0.923s] -- Detecting CXX compile features - done
[0.930s] -- Found ament_cmake: 2.5.5 (/opt/ros/jazzy/share/ament_cmake/cmake)
[1.065s] -- Found Python3: /usr/bin/python3 (found version "3.12.3") found components: Interpreter 
[1.143s] -- Override CMake install command with custom implementation using symlinks instead of copying resources
[1.285s] -- Configuring done (1.2s)
[1.288s] -- Generating done (0.0s)
[1.290s] -- Build files have been written to: /home/joe/robot_ws/build/ired_rviz
[1.297s] Invoked command in '/home/joe/robot_ws/build/ired_rviz' returned '0': CMAKE_PREFIX_PATH=${CMAKE_PREFIX_PATH}:/opt/ros/jazzy DEBUGINFOD_URLS=https://debuginfod.ubuntu.com /usr/bin/cmake /home/joe/robot_ws/src/robot/ired_rviz -DAMENT_CMAKE_SYMLINK_INSTALL=1 -DCMAKE_INSTALL_PREFIX=/home/joe/robot_ws/install/ired_rviz
[1.298s] Invoking command in '/home/joe/robot_ws/build/ired_rviz': CMAKE_PREFIX_PATH=${CMAKE_PREFIX_PATH}:/opt/ros/jazzy DEBUGINFOD_URLS=https://debuginfod.ubuntu.com /usr/bin/cmake --build /home/joe/robot_ws/build/ired_rviz -- -j16 -l16
[1.336s] Invoked command in '/home/joe/robot_ws/build/ired_rviz' returned '0': CMAKE_PREFIX_PATH=${CMAKE_PREFIX_PATH}:/opt/ros/jazzy DEBUGINFOD_URLS=https://debuginfod.ubuntu.com /usr/bin/cmake --build /home/joe/robot_ws/build/ired_rviz -- -j16 -l16
[1.347s] Invoking command in '/home/joe/robot_ws/build/ired_rviz': CMAKE_PREFIX_PATH=${CMAKE_PREFIX_PATH}:/opt/ros/jazzy DEBUGINFOD_URLS=https://debuginfod.ubuntu.com /usr/bin/cmake --install /home/joe/robot_ws/build/ired_rviz
[1.355s] -- Install configuration: ""
[1.356s] -- Execute custom install script
[1.357s] -- Symlinking: /home/joe/robot_ws/install/ired_rviz/share/ired_rviz/launch/navigation.launch.py
[1.365s] -- Symlinking: /home/joe/robot_ws/install/ired_rviz/share/ired_rviz/launch/slam.launch.py
[1.374s] -- Symlinking: /home/joe/robot_ws/install/ired_rviz/share/ired_rviz/rviz/bringup.rviz
[1.383s] -- Symlinking: /home/joe/robot_ws/install/ired_rviz/share/ired_rviz/rviz/navi.rviz
[1.392s] -- Symlinking: /home/joe/robot_ws/install/ired_rviz/share/ired_rviz/rviz/robot_urdf.rviz
[1.401s] -- Symlinking: /home/joe/robot_ws/install/ired_rviz/share/ired_rviz/rviz/slam.rviz
[1.410s] -- Symlinking: /home/joe/robot_ws/install/ired_rviz/share/ament_index/resource_index/package_run_dependencies/ired_rviz
[1.419s] -- Symlinking: /home/joe/robot_ws/install/ired_rviz/share/ament_index/resource_index/parent_prefix_path/ired_rviz
[1.428s] -- Symlinking: /home/joe/robot_ws/install/ired_rviz/share/ired_rviz/environment/ament_prefix_path.sh
[1.436s] -- Symlinking: /home/joe/robot_ws/install/ired_rviz/share/ired_rviz/environment/ament_prefix_path.dsv
[1.445s] -- Symlinking: /home/joe/robot_ws/install/ired_rviz/share/ired_rviz/environment/path.sh
[1.454s] -- Symlinking: /home/joe/robot_ws/install/ired_rviz/share/ired_rviz/environment/path.dsv
[1.463s] -- Symlinking: /home/joe/robot_ws/install/ired_rviz/share/ired_rviz/local_setup.bash
[1.472s] -- Symlinking: /home/joe/robot_ws/install/ired_rviz/share/ired_rviz/local_setup.sh
[1.480s] -- Symlinking: /home/joe/robot_ws/install/ired_rviz/share/ired_rviz/local_setup.zsh
[1.490s] -- Symlinking: /home/joe/robot_ws/install/ired_rviz/share/ired_rviz/local_setup.dsv
[1.499s] -- Symlinking: /home/joe/robot_ws/install/ired_rviz/share/ired_rviz/package.dsv
[1.507s] -- Symlinking: /home/joe/robot_ws/install/ired_rviz/share/ament_index/resource_index/packages/ired_rviz
[1.516s] -- Symlinking: /home/joe/robot_ws/install/ired_rviz/share/ired_rviz/cmake/ired_rvizConfig.cmake
[1.525s] -- Symlinking: /home/joe/robot_ws/install/ired_rviz/share/ired_rviz/cmake/ired_rvizConfig-version.cmake
[1.534s] -- Symlinking: /home/joe/robot_ws/install/ired_rviz/share/ired_rviz/package.xml
[1.546s] Invoked command in '/home/joe/robot_ws/build/ired_rviz' returned '0': CMAKE_PREFIX_PATH=${CMAKE_PREFIX_PATH}:/opt/ros/jazzy DEBUGINFOD_URLS=https://debuginfod.ubuntu.com /usr/bin/cmake --install /home/joe/robot_ws/build/ired_rviz
