[0.028s] Invoking command in '/home/joe/robot_ws/build/ired_bringup': CMAKE_PREFIX_PATH=/home/joe/robot_ws/install/ired_msgs:/home/joe/robot_ws/install/rplidar_ros:/home/joe/robot_ws/install/ros2_laser_scan_matcher:/home/joe/robot_ws/install/ired_rviz:/home/joe/robot_ws/install/ired_navigation:/home/joe/robot_ws/install/ired_bringup:/home/joe/robot_ws/install/csm:/opt/ros/jazzy/opt/gz_sim_vendor:/opt/ros/jazzy/opt/gz_sensors_vendor:/opt/ros/jazzy/opt/gz_physics_vendor:/opt/ros/jazzy/opt/sdformat_vendor:/opt/ros/jazzy/opt/gz_gui_vendor:/opt/ros/jazzy/opt/gz_transport_vendor:/opt/ros/jazzy/opt/gz_rendering_vendor:/opt/ros/jazzy/opt/gz_plugin_vendor:/opt/ros/jazzy/opt/gz_fuel_tools_vendor:/opt/ros/jazzy/opt/gz_msgs_vendor:/opt/ros/jazzy/opt/gz_common_vendor:/opt/ros/jazzy/opt/gz_math_vendor:/opt/ros/jazzy/opt/gz_utils_vendor:/opt/ros/jazzy/opt/gz_tools_vendor:/opt/ros/jazzy/opt/gz_ogre_next_vendor:/opt/ros/jazzy/opt/gz_dartsim_vendor:/opt/ros/jazzy/opt/gz_cmake_vendor:/home/joe/robot_ws/install/ired_teleop:/opt/ros/jazzy DEBUGINFOD_URLS=https://debuginfod.ubuntu.com PYTHONPATH=/home/joe/robot_ws/install/ired_msgs/lib/python3.12/site-packages:/home/joe/robot_ws/build/ired_teleop:/home/joe/robot_ws/install/ired_teleop/lib/python3.12/site-packages:/opt/ros/jazzy/lib/python3.12/site-packages /usr/bin/cmake --build /home/joe/robot_ws/build/ired_bringup -- -j16 -l16
[0.153s] [ 72%] [32mBuilding CXX object CMakeFiles/inverse_kinematics_node.dir/src/inverse_kinematics.cpp.o[0m
[0.153s] [ 72%] [32mBuilding CXX object CMakeFiles/forward_kinematics_node.dir/src/forward_kinematics.cpp.o[0m
[0.154s] [ 72%] Built target imu_node
[0.154s] [ 72%] Built target odom_node
[0.154s] [ 81%] Built target iredcr_modbus_node
[8.584s] [ 90%] [32m[1mLinking CXX executable forward_kinematics_node[0m
[8.587s] [100%] [32m[1mLinking CXX executable inverse_kinematics_node[0m
[8.996s] [100%] Built target forward_kinematics_node
[8.996s] [100%] Built target inverse_kinematics_node
[9.008s] Invoked command in '/home/joe/robot_ws/build/ired_bringup' returned '0': CMAKE_PREFIX_PATH=/home/joe/robot_ws/install/ired_msgs:/home/joe/robot_ws/install/rplidar_ros:/home/joe/robot_ws/install/ros2_laser_scan_matcher:/home/joe/robot_ws/install/ired_rviz:/home/joe/robot_ws/install/ired_navigation:/home/joe/robot_ws/install/ired_bringup:/home/joe/robot_ws/install/csm:/opt/ros/jazzy/opt/gz_sim_vendor:/opt/ros/jazzy/opt/gz_sensors_vendor:/opt/ros/jazzy/opt/gz_physics_vendor:/opt/ros/jazzy/opt/sdformat_vendor:/opt/ros/jazzy/opt/gz_gui_vendor:/opt/ros/jazzy/opt/gz_transport_vendor:/opt/ros/jazzy/opt/gz_rendering_vendor:/opt/ros/jazzy/opt/gz_plugin_vendor:/opt/ros/jazzy/opt/gz_fuel_tools_vendor:/opt/ros/jazzy/opt/gz_msgs_vendor:/opt/ros/jazzy/opt/gz_common_vendor:/opt/ros/jazzy/opt/gz_math_vendor:/opt/ros/jazzy/opt/gz_utils_vendor:/opt/ros/jazzy/opt/gz_tools_vendor:/opt/ros/jazzy/opt/gz_ogre_next_vendor:/opt/ros/jazzy/opt/gz_dartsim_vendor:/opt/ros/jazzy/opt/gz_cmake_vendor:/home/joe/robot_ws/install/ired_teleop:/opt/ros/jazzy DEBUGINFOD_URLS=https://debuginfod.ubuntu.com PYTHONPATH=/home/joe/robot_ws/install/ired_msgs/lib/python3.12/site-packages:/home/joe/robot_ws/build/ired_teleop:/home/joe/robot_ws/install/ired_teleop/lib/python3.12/site-packages:/opt/ros/jazzy/lib/python3.12/site-packages /usr/bin/cmake --build /home/joe/robot_ws/build/ired_bringup -- -j16 -l16
[9.020s] Invoking command in '/home/joe/robot_ws/build/ired_bringup': CMAKE_PREFIX_PATH=/home/joe/robot_ws/install/ired_msgs:/home/joe/robot_ws/install/rplidar_ros:/home/joe/robot_ws/install/ros2_laser_scan_matcher:/home/joe/robot_ws/install/ired_rviz:/home/joe/robot_ws/install/ired_navigation:/home/joe/robot_ws/install/ired_bringup:/home/joe/robot_ws/install/csm:/opt/ros/jazzy/opt/gz_sim_vendor:/opt/ros/jazzy/opt/gz_sensors_vendor:/opt/ros/jazzy/opt/gz_physics_vendor:/opt/ros/jazzy/opt/sdformat_vendor:/opt/ros/jazzy/opt/gz_gui_vendor:/opt/ros/jazzy/opt/gz_transport_vendor:/opt/ros/jazzy/opt/gz_rendering_vendor:/opt/ros/jazzy/opt/gz_plugin_vendor:/opt/ros/jazzy/opt/gz_fuel_tools_vendor:/opt/ros/jazzy/opt/gz_msgs_vendor:/opt/ros/jazzy/opt/gz_common_vendor:/opt/ros/jazzy/opt/gz_math_vendor:/opt/ros/jazzy/opt/gz_utils_vendor:/opt/ros/jazzy/opt/gz_tools_vendor:/opt/ros/jazzy/opt/gz_ogre_next_vendor:/opt/ros/jazzy/opt/gz_dartsim_vendor:/opt/ros/jazzy/opt/gz_cmake_vendor:/home/joe/robot_ws/install/ired_teleop:/opt/ros/jazzy DEBUGINFOD_URLS=https://debuginfod.ubuntu.com PYTHONPATH=/home/joe/robot_ws/install/ired_msgs/lib/python3.12/site-packages:/home/joe/robot_ws/build/ired_teleop:/home/joe/robot_ws/install/ired_teleop/lib/python3.12/site-packages:/opt/ros/jazzy/lib/python3.12/site-packages /usr/bin/cmake --install /home/joe/robot_ws/build/ired_bringup
[9.027s] -- Install configuration: ""
[9.028s] -- Execute custom install script
[9.028s] -- Up-to-date symlink: /home/joe/robot_ws/install/ired_bringup/lib/ired_bringup/forward_kinematics_node
[9.028s] -- Up-to-date symlink: /home/joe/robot_ws/install/ired_bringup/lib/ired_bringup/inverse_kinematics_node
[9.028s] -- Up-to-date symlink: /home/joe/robot_ws/install/ired_bringup/lib/ired_bringup/imu_node
[9.029s] -- Up-to-date symlink: /home/joe/robot_ws/install/ired_bringup/lib/ired_bringup/iredcr_modbus_node
[9.029s] -- Up-to-date symlink: /home/joe/robot_ws/install/ired_bringup/lib/ired_bringup/odom_node
[9.029s] -- Up-to-date symlink: /home/joe/robot_ws/install/ired_bringup/share/ired_bringup/launch/bringup.launch.py
[9.029s] -- Up-to-date symlink: /home/joe/robot_ws/install/ired_bringup/share/ired_bringup/param/ired.yaml
[9.029s] -- Up-to-date symlink: /home/joe/robot_ws/install/ired_bringup/share/ired_bringup/param/laser_config.yaml
[9.029s] -- Up-to-date symlink: /home/joe/robot_ws/install/ired_bringup/share/ired_bringup/param/laser_scan_matcher.yaml
[9.029s] -- Up-to-date symlink: /home/joe/robot_ws/install/ired_bringup/share/ired_bringup/urdf/ired.urdf.xacro
[9.030s] -- Up-to-date symlink: /home/joe/robot_ws/install/ired_bringup/include//ired_bringup/forward_kinematics.hpp
[9.030s] -- Up-to-date symlink: /home/joe/robot_ws/install/ired_bringup/include//ired_bringup/imu.hpp
[9.030s] -- Up-to-date symlink: /home/joe/robot_ws/install/ired_bringup/include//ired_bringup/inverse_kinematics.hpp
[9.030s] -- Up-to-date symlink: /home/joe/robot_ws/install/ired_bringup/include//ired_bringup/ired_controller.hpp
[9.030s] -- Up-to-date symlink: /home/joe/robot_ws/install/ired_bringup/include//ired_bringup/ired_controller_define.hpp
[9.030s] -- Up-to-date symlink: /home/joe/robot_ws/install/ired_bringup/include//ired_bringup/odom.hpp
[9.030s] -- Up-to-date symlink: /home/joe/robot_ws/install/ired_bringup/include//modbus_rtu.hpp
[9.030s] -- Up-to-date symlink: /home/joe/robot_ws/install/ired_bringup/share/ament_index/resource_index/package_run_dependencies/ired_bringup
[9.031s] -- Up-to-date symlink: /home/joe/robot_ws/install/ired_bringup/share/ament_index/resource_index/parent_prefix_path/ired_bringup
[9.031s] -- Up-to-date symlink: /home/joe/robot_ws/install/ired_bringup/share/ired_bringup/environment/ament_prefix_path.sh
[9.031s] -- Up-to-date symlink: /home/joe/robot_ws/install/ired_bringup/share/ired_bringup/environment/ament_prefix_path.dsv
[9.031s] -- Up-to-date symlink: /home/joe/robot_ws/install/ired_bringup/share/ired_bringup/environment/path.sh
[9.031s] -- Up-to-date symlink: /home/joe/robot_ws/install/ired_bringup/share/ired_bringup/environment/path.dsv
[9.031s] -- Up-to-date symlink: /home/joe/robot_ws/install/ired_bringup/share/ired_bringup/local_setup.bash
[9.031s] -- Up-to-date symlink: /home/joe/robot_ws/install/ired_bringup/share/ired_bringup/local_setup.sh
[9.031s] -- Up-to-date symlink: /home/joe/robot_ws/install/ired_bringup/share/ired_bringup/local_setup.zsh
[9.031s] -- Up-to-date symlink: /home/joe/robot_ws/install/ired_bringup/share/ired_bringup/local_setup.dsv
[9.031s] -- Symlinking: /home/joe/robot_ws/install/ired_bringup/share/ired_bringup/package.dsv
[9.040s] -- Up-to-date symlink: /home/joe/robot_ws/install/ired_bringup/share/ament_index/resource_index/packages/ired_bringup
[9.041s] -- Up-to-date symlink: /home/joe/robot_ws/install/ired_bringup/share/ired_bringup/cmake/ament_cmake_export_include_directories-extras.cmake
[9.041s] -- Up-to-date symlink: /home/joe/robot_ws/install/ired_bringup/share/ired_bringup/cmake/ament_cmake_export_dependencies-extras.cmake
[9.041s] -- Up-to-date symlink: /home/joe/robot_ws/install/ired_bringup/share/ired_bringup/cmake/ired_bringupConfig.cmake
[9.041s] -- Up-to-date symlink: /home/joe/robot_ws/install/ired_bringup/share/ired_bringup/cmake/ired_bringupConfig-version.cmake
[9.041s] -- Up-to-date symlink: /home/joe/robot_ws/install/ired_bringup/share/ired_bringup/package.xml
[9.043s] Invoked command in '/home/joe/robot_ws/build/ired_bringup' returned '0': CMAKE_PREFIX_PATH=/home/joe/robot_ws/install/ired_msgs:/home/joe/robot_ws/install/rplidar_ros:/home/joe/robot_ws/install/ros2_laser_scan_matcher:/home/joe/robot_ws/install/ired_rviz:/home/joe/robot_ws/install/ired_navigation:/home/joe/robot_ws/install/ired_bringup:/home/joe/robot_ws/install/csm:/opt/ros/jazzy/opt/gz_sim_vendor:/opt/ros/jazzy/opt/gz_sensors_vendor:/opt/ros/jazzy/opt/gz_physics_vendor:/opt/ros/jazzy/opt/sdformat_vendor:/opt/ros/jazzy/opt/gz_gui_vendor:/opt/ros/jazzy/opt/gz_transport_vendor:/opt/ros/jazzy/opt/gz_rendering_vendor:/opt/ros/jazzy/opt/gz_plugin_vendor:/opt/ros/jazzy/opt/gz_fuel_tools_vendor:/opt/ros/jazzy/opt/gz_msgs_vendor:/opt/ros/jazzy/opt/gz_common_vendor:/opt/ros/jazzy/opt/gz_math_vendor:/opt/ros/jazzy/opt/gz_utils_vendor:/opt/ros/jazzy/opt/gz_tools_vendor:/opt/ros/jazzy/opt/gz_ogre_next_vendor:/opt/ros/jazzy/opt/gz_dartsim_vendor:/opt/ros/jazzy/opt/gz_cmake_vendor:/home/joe/robot_ws/install/ired_teleop:/opt/ros/jazzy DEBUGINFOD_URLS=https://debuginfod.ubuntu.com PYTHONPATH=/home/joe/robot_ws/install/ired_msgs/lib/python3.12/site-packages:/home/joe/robot_ws/build/ired_teleop:/home/joe/robot_ws/install/ired_teleop/lib/python3.12/site-packages:/opt/ros/jazzy/lib/python3.12/site-packages /usr/bin/cmake --install /home/joe/robot_ws/build/ired_bringup
